{"level":"INFO","time":"2025-01-25T11:12:21.531+0800","caller":"mysql/mysql.go:51","msg":"mysql init success"}
{"level":"INFO","time":"2025-01-25T11:12:21.531+0800","caller":"redis/redis.go:26","msg":"redis init success"}
{"level":"INFO","time":"2025-01-25T11:12:21.531+0800","caller":"snowfloke/snowfloke.go:26","msg":"snowflake node init success"}
{"level":"INFO","time":"2025-01-25T11:12:42.819+0800","caller":"bluebell/main.go:83","msg":"Shutdown Server ..."}
{"level":"INFO","time":"2025-01-25T11:12:42.819+0800","caller":"bluebell/main.go:92","msg":"Server exiting"}
{"level":"INFO","time":"2025-01-25T11:12:42.819+0800","caller":"mysql/mysql.go:57","msg":"MySQL connection pool closed"}
{"level":"INFO","time":"2025-01-25T11:12:49.098+0800","caller":"mysql/mysql.go:51","msg":"mysql init success"}
{"level":"INFO","time":"2025-01-25T11:12:49.098+0800","caller":"redis/redis.go:26","msg":"redis init success"}
{"level":"INFO","time":"2025-01-25T11:12:49.099+0800","caller":"snowfloke/snowfloke.go:26","msg":"snowflake node init success"}
{"level":"INFO","time":"2025-01-25T11:13:11.038+0800","caller":"bluebell/main.go:83","msg":"Shutdown Server ..."}
{"level":"INFO","time":"2025-01-25T11:13:11.038+0800","caller":"bluebell/main.go:92","msg":"Server exiting"}
{"level":"INFO","time":"2025-01-25T11:13:11.038+0800","caller":"mysql/mysql.go:57","msg":"MySQL connection pool closed"}
{"level":"INFO","time":"2025-01-25T11:13:11.673+0800","caller":"mysql/mysql.go:51","msg":"mysql init success"}
{"level":"INFO","time":"2025-01-25T11:13:11.674+0800","caller":"redis/redis.go:26","msg":"redis init success"}
{"level":"INFO","time":"2025-01-25T11:13:11.674+0800","caller":"snowfloke/snowfloke.go:26","msg":"snowflake node init success"}
{"level":"INFO","time":"2025-01-25T11:13:34.274+0800","caller":"bluebell/main.go:83","msg":"Shutdown Server ..."}
{"level":"INFO","time":"2025-01-25T11:13:34.274+0800","caller":"bluebell/main.go:92","msg":"Server exiting"}
{"level":"INFO","time":"2025-01-25T11:13:34.274+0800","caller":"mysql/mysql.go:57","msg":"MySQL connection pool closed"}
{"level":"INFO","time":"2025-01-25T11:13:57.300+0800","caller":"mysql/mysql.go:51","msg":"mysql init success"}
{"level":"INFO","time":"2025-01-25T11:13:57.300+0800","caller":"redis/redis.go:26","msg":"redis init success"}
{"level":"INFO","time":"2025-01-25T11:13:57.300+0800","caller":"snowfloke/snowfloke.go:26","msg":"snowflake node init success"}
{"level":"INFO","time":"2025-01-25T11:14:21.338+0800","caller":"bluebell/main.go:83","msg":"Shutdown Server ..."}
{"level":"INFO","time":"2025-01-25T11:14:21.338+0800","caller":"bluebell/main.go:92","msg":"Server exiting"}
{"level":"INFO","time":"2025-01-25T11:14:21.338+0800","caller":"mysql/mysql.go:57","msg":"MySQL connection pool closed"}
{"level":"INFO","time":"2025-01-25T11:14:21.905+0800","caller":"mysql/mysql.go:51","msg":"mysql init success"}
{"level":"INFO","time":"2025-01-25T11:14:21.906+0800","caller":"redis/redis.go:26","msg":"redis init success"}
{"level":"INFO","time":"2025-01-25T11:14:21.906+0800","caller":"snowfloke/snowfloke.go:26","msg":"snowflake node init success"}
{"level":"INFO","time":"2025-01-25T11:14:29.814+0800","caller":"bluebell/main.go:83","msg":"Shutdown Server ..."}
{"level":"INFO","time":"2025-01-25T11:14:29.814+0800","caller":"bluebell/main.go:92","msg":"Server exiting"}
{"level":"INFO","time":"2025-01-25T11:14:29.814+0800","caller":"mysql/mysql.go:57","msg":"MySQL connection pool closed"}
{"level":"INFO","time":"2025-01-25T11:14:48.572+0800","caller":"mysql/mysql.go:51","msg":"mysql init success"}
{"level":"INFO","time":"2025-01-25T11:14:48.573+0800","caller":"redis/redis.go:26","msg":"redis init success"}
{"level":"INFO","time":"2025-01-25T11:14:48.573+0800","caller":"snowfloke/snowfloke.go:26","msg":"snowflake node init success"}
{"level":"INFO","time":"2025-01-25T11:14:56.371+0800","caller":"bluebell/main.go:84","msg":"Shutdown Server ..."}
{"level":"INFO","time":"2025-01-25T11:14:56.371+0800","caller":"bluebell/main.go:93","msg":"Server exiting"}
{"level":"INFO","time":"2025-01-25T11:14:56.371+0800","caller":"mysql/mysql.go:57","msg":"MySQL connection pool closed"}
{"level":"INFO","time":"2025-01-25T11:15:26.793+0800","caller":"mysql/mysql.go:51","msg":"mysql init success"}
{"level":"INFO","time":"2025-01-25T11:15:26.793+0800","caller":"redis/redis.go:26","msg":"redis init success"}
{"level":"INFO","time":"2025-01-25T11:15:26.793+0800","caller":"snowfloke/snowfloke.go:26","msg":"snowflake node init success"}
{"level":"INFO","time":"2025-01-25T11:15:44.852+0800","caller":"bluebell/main.go:83","msg":"Shutdown Server ..."}
{"level":"INFO","time":"2025-01-25T11:15:44.853+0800","caller":"bluebell/main.go:92","msg":"Server exiting"}
{"level":"INFO","time":"2025-01-25T11:15:44.853+0800","caller":"mysql/mysql.go:57","msg":"MySQL connection pool closed"}
{"level":"INFO","time":"2025-01-25T11:15:45.496+0800","caller":"mysql/mysql.go:51","msg":"mysql init success"}
{"level":"INFO","time":"2025-01-25T11:15:45.497+0800","caller":"redis/redis.go:26","msg":"redis init success"}
{"level":"INFO","time":"2025-01-25T11:15:45.497+0800","caller":"snowfloke/snowfloke.go:26","msg":"snowflake node init success"}
{"level":"INFO","time":"2025-01-25T11:17:06.602+0800","caller":"bluebell/main.go:83","msg":"Shutdown Server ..."}
{"level":"INFO","time":"2025-01-25T11:17:06.602+0800","caller":"bluebell/main.go:92","msg":"Server exiting"}
{"level":"INFO","time":"2025-01-25T11:17:06.602+0800","caller":"mysql/mysql.go:57","msg":"MySQL connection pool closed"}
{"level":"INFO","time":"2025-01-25T11:17:07.163+0800","caller":"mysql/mysql.go:51","msg":"mysql init success"}
{"level":"INFO","time":"2025-01-25T11:17:07.163+0800","caller":"redis/redis.go:26","msg":"redis init success"}
{"level":"INFO","time":"2025-01-25T11:17:07.163+0800","caller":"snowfloke/snowfloke.go:26","msg":"snowflake node init success"}
{"level":"INFO","time":"2025-01-25T11:17:23.516+0800","caller":"bluebell/main.go:85","msg":"Shutdown Server ..."}
{"level":"INFO","time":"2025-01-25T11:17:23.516+0800","caller":"bluebell/main.go:94","msg":"Server exiting"}
{"level":"INFO","time":"2025-01-25T11:17:23.516+0800","caller":"mysql/mysql.go:57","msg":"MySQL connection pool closed"}
{"level":"INFO","time":"2025-01-25T11:17:24.072+0800","caller":"mysql/mysql.go:51","msg":"mysql init success"}
{"level":"INFO","time":"2025-01-25T11:17:24.072+0800","caller":"redis/redis.go:26","msg":"redis init success"}
{"level":"INFO","time":"2025-01-25T11:17:24.072+0800","caller":"snowfloke/snowfloke.go:26","msg":"snowflake node init success"}
{"level":"INFO","time":"2025-01-25T11:18:05.548+0800","caller":"bluebell/main.go:85","msg":"Shutdown Server ..."}
{"level":"INFO","time":"2025-01-25T11:18:05.548+0800","caller":"bluebell/main.go:94","msg":"Server exiting"}
{"level":"INFO","time":"2025-01-25T11:18:05.548+0800","caller":"mysql/mysql.go:57","msg":"MySQL connection pool closed"}
{"level":"INFO","time":"2025-01-25T11:18:06.105+0800","caller":"mysql/mysql.go:51","msg":"mysql init success"}
{"level":"INFO","time":"2025-01-25T11:18:06.106+0800","caller":"redis/redis.go:26","msg":"redis init success"}
{"level":"INFO","time":"2025-01-25T11:18:06.106+0800","caller":"snowfloke/snowfloke.go:26","msg":"snowflake node init success"}
{"level":"INFO","time":"2025-01-25T11:18:43.813+0800","caller":"bluebell/main.go:85","msg":"Shutdown Server ..."}
{"level":"INFO","time":"2025-01-25T11:18:43.813+0800","caller":"bluebell/main.go:94","msg":"Server exiting"}
{"level":"INFO","time":"2025-01-25T11:18:43.813+0800","caller":"mysql/mysql.go:57","msg":"MySQL connection pool closed"}
{"level":"INFO","time":"2025-01-25T11:20:20.091+0800","caller":"mysql/mysql.go:51","msg":"mysql init success"}
{"level":"INFO","time":"2025-01-25T11:20:20.091+0800","caller":"redis/redis.go:26","msg":"redis init success"}
{"level":"INFO","time":"2025-01-25T11:20:20.091+0800","caller":"snowfloke/snowfloke.go:26","msg":"snowflake node init success"}
{"level":"INFO","time":"2025-01-25T11:20:31.101+0800","caller":"bluebell/main.go:85","msg":"Shutdown Server ..."}
{"level":"INFO","time":"2025-01-25T11:20:31.101+0800","caller":"bluebell/main.go:94","msg":"Server exiting"}
{"level":"INFO","time":"2025-01-25T11:20:31.101+0800","caller":"mysql/mysql.go:57","msg":"MySQL connection pool closed"}
{"level":"INFO","time":"2025-01-25T11:20:31.678+0800","caller":"mysql/mysql.go:51","msg":"mysql init success"}
{"level":"INFO","time":"2025-01-25T11:20:31.679+0800","caller":"redis/redis.go:26","msg":"redis init success"}
{"level":"INFO","time":"2025-01-25T11:20:31.679+0800","caller":"snowfloke/snowfloke.go:26","msg":"snowflake node init success"}
{"level":"INFO","time":"2025-01-25T11:21:27.544+0800","caller":"bluebell/main.go:85","msg":"Shutdown Server ..."}
{"level":"INFO","time":"2025-01-25T11:21:27.544+0800","caller":"bluebell/main.go:94","msg":"Server exiting"}
{"level":"INFO","time":"2025-01-25T11:21:27.544+0800","caller":"mysql/mysql.go:57","msg":"MySQL connection pool closed"}
{"level":"INFO","time":"2025-01-25T11:21:28.116+0800","caller":"mysql/mysql.go:51","msg":"mysql init success"}
{"level":"INFO","time":"2025-01-25T11:21:28.117+0800","caller":"redis/redis.go:26","msg":"redis init success"}
{"level":"INFO","time":"2025-01-25T11:21:28.117+0800","caller":"snowfloke/snowfloke.go:26","msg":"snowflake node init success"}
{"level":"INFO","time":"2025-01-25T11:21:38.527+0800","caller":"bluebell/main.go:85","msg":"Shutdown Server ..."}
{"level":"INFO","time":"2025-01-25T11:21:38.527+0800","caller":"bluebell/main.go:94","msg":"Server exiting"}
{"level":"INFO","time":"2025-01-25T11:21:38.527+0800","caller":"mysql/mysql.go:57","msg":"MySQL connection pool closed"}
{"level":"INFO","time":"2025-01-25T11:21:39.085+0800","caller":"mysql/mysql.go:51","msg":"mysql init success"}
{"level":"INFO","time":"2025-01-25T11:21:39.086+0800","caller":"redis/redis.go:26","msg":"redis init success"}
{"level":"INFO","time":"2025-01-25T11:21:39.086+0800","caller":"snowfloke/snowfloke.go:26","msg":"snowflake node init success"}
{"level":"INFO","time":"2025-01-25T11:22:07.294+0800","caller":"bluebell/main.go:85","msg":"Shutdown Server ..."}
{"level":"INFO","time":"2025-01-25T11:22:07.294+0800","caller":"bluebell/main.go:94","msg":"Server exiting"}
{"level":"INFO","time":"2025-01-25T11:22:07.294+0800","caller":"mysql/mysql.go:57","msg":"MySQL connection pool closed"}
{"level":"INFO","time":"2025-01-25T11:22:07.428+0800","caller":"mysql/mysql.go:51","msg":"mysql init success"}
{"level":"INFO","time":"2025-01-25T11:22:07.429+0800","caller":"redis/redis.go:26","msg":"redis init success"}
{"level":"INFO","time":"2025-01-25T11:22:07.429+0800","caller":"snowfloke/snowfloke.go:26","msg":"snowflake node init success"}
{"level":"INFO","time":"2025-01-25T11:22:11.674+0800","caller":"bluebell/main.go:85","msg":"Shutdown Server ..."}
{"level":"INFO","time":"2025-01-25T11:22:11.674+0800","caller":"bluebell/main.go:94","msg":"Server exiting"}
{"level":"INFO","time":"2025-01-25T11:22:11.674+0800","caller":"mysql/mysql.go:57","msg":"MySQL connection pool closed"}
{"level":"INFO","time":"2025-01-25T11:23:17.034+0800","caller":"mysql/mysql.go:51","msg":"mysql init success"}
{"level":"INFO","time":"2025-01-25T11:23:17.034+0800","caller":"redis/redis.go:26","msg":"redis init success"}
{"level":"INFO","time":"2025-01-25T11:23:17.034+0800","caller":"snowfloke/snowfloke.go:26","msg":"snowflake node init success"}
{"level":"INFO","time":"2025-01-25T11:24:18.930+0800","caller":"bluebell/main.go:84","msg":"Shutdown Server ..."}
{"level":"INFO","time":"2025-01-25T11:24:18.930+0800","caller":"bluebell/main.go:93","msg":"Server exiting"}
{"level":"INFO","time":"2025-01-25T11:24:18.930+0800","caller":"mysql/mysql.go:57","msg":"MySQL connection pool closed"}
{"level":"INFO","time":"2025-01-25T11:26:02.098+0800","caller":"mysql/mysql.go:51","msg":"mysql init success"}
{"level":"INFO","time":"2025-01-25T11:26:02.098+0800","caller":"redis/redis.go:26","msg":"redis init success"}
{"level":"INFO","time":"2025-01-25T11:26:02.098+0800","caller":"snowfloke/snowfloke.go:26","msg":"snowflake node init success"}
{"level":"ERROR","time":"2025-01-25T11:26:15.142+0800","caller":"controller/user.go:15","msg":"SignUp with invalid param","error":"Key: 'ParamRegister.RePassword' Error:Field validation for 'RePassword' failed on the 'eqfield' tag"}
{"level":"INFO","time":"2025-01-25T11:26:15.143+0800","caller":"logger/logger.go:79","msg":"/api/user/register","status":400,"method":"POST","path":"/api/user/register","query":"","ip":"::1","user-agent":"Apifox/1.0.0 (https://apifox.com)","errors":"","cost":0.000152004}
{"level":"INFO","time":"2025-01-25T11:26:50.777+0800","caller":"bluebell/main.go:84","msg":"Shutdown Server ..."}
{"level":"INFO","time":"2025-01-25T11:26:50.777+0800","caller":"bluebell/main.go:93","msg":"Server exiting"}
{"level":"INFO","time":"2025-01-25T11:26:50.777+0800","caller":"mysql/mysql.go:57","msg":"MySQL connection pool closed"}
{"level":"INFO","time":"2025-01-25T12:06:03.944+0800","caller":"mysql/mysql.go:51","msg":"mysql init success"}
{"level":"INFO","time":"2025-01-25T12:06:03.944+0800","caller":"redis/redis.go:26","msg":"redis init success"}
{"level":"INFO","time":"2025-01-25T12:06:03.944+0800","caller":"snowfloke/snowfloke.go:26","msg":"snowflake node init success"}
{"level":"ERROR","time":"2025-01-25T12:06:42.065+0800","caller":"controller/user.go:30","msg":"SignUp with invalid param","error":"Key: 'ParamLogin.Username' Error:Field validation for 'Username' failed on the 'required' tag\nKey: 'ParamLogin.Password' Error:Field validation for 'Password' failed on the 'required' tag"}
{"level":"INFO","time":"2025-01-25T12:06:42.065+0800","caller":"logger/logger.go:79","msg":"/api/user/login","status":400,"method":"POST","path":"/api/user/login","query":"","ip":"::1","user-agent":"Apifox/1.0.0 (https://apifox.com)","errors":"","cost":0.000606421}
{"level":"INFO","time":"2025-01-25T12:10:36.658+0800","caller":"bluebell/main.go:84","msg":"Shutdown Server ..."}
{"level":"INFO","time":"2025-01-25T12:10:36.659+0800","caller":"bluebell/main.go:93","msg":"Server exiting"}
{"level":"INFO","time":"2025-01-25T12:10:36.659+0800","caller":"mysql/mysql.go:57","msg":"MySQL connection pool closed"}
{"level":"INFO","time":"2025-01-25T12:10:37.787+0800","caller":"mysql/mysql.go:51","msg":"mysql init success"}
{"level":"INFO","time":"2025-01-25T12:10:37.788+0800","caller":"redis/redis.go:26","msg":"redis init success"}
{"level":"INFO","time":"2025-01-25T12:10:37.788+0800","caller":"snowfloke/snowfloke.go:26","msg":"snowflake node init success"}
{"level":"INFO","time":"2025-01-25T12:13:11.821+0800","caller":"logger/logger.go:79","msg":"/api/user/login","status":200,"method":"POST","path":"/api/user/login","query":"username=yudeng&password=041135sz","ip":"::1","user-agent":"Apifox/1.0.0 (https://apifox.com)","errors":"","cost":0.000713271}
{"level":"INFO","time":"2025-01-25T12:13:57.415+0800","caller":"logger/logger.go:79","msg":"/api/user/register","status":200,"method":"POST","path":"/api/user/register","query":"","ip":"::1","user-agent":"Apifox/1.0.0 (https://apifox.com)","errors":"","cost":0.00649429}
{"level":"INFO","time":"2025-01-25T12:14:00.065+0800","caller":"logger/logger.go:79","msg":"/api/user/login","status":200,"method":"POST","path":"/api/user/login","query":"username=yudeng&password=041135sz","ip":"::1","user-agent":"Apifox/1.0.0 (https://apifox.com)","errors":"","cost":0.000485189}
{"level":"INFO","time":"2025-01-25T12:50:31.631+0800","caller":"bluebell/main.go:84","msg":"Shutdown Server ..."}
{"level":"INFO","time":"2025-01-25T12:50:31.631+0800","caller":"bluebell/main.go:93","msg":"Server exiting"}
{"level":"INFO","time":"2025-01-25T12:50:31.631+0800","caller":"mysql/mysql.go:57","msg":"MySQL connection pool closed"}
{"level":"INFO","time":"2025-01-25T22:38:17.977+0800","caller":"mysql/mysql.go:51","msg":"mysql init success"}
{"level":"INFO","time":"2025-01-25T22:38:17.977+0800","caller":"redis/redis.go:26","msg":"redis init success"}
{"level":"INFO","time":"2025-01-25T22:38:17.977+0800","caller":"snowfloke/snowfloke.go:26","msg":"snowflake node init success"}
{"level":"ERROR","time":"2025-01-25T22:38:30.170+0800","caller":"controller/user.go:50","msg":"service.Login failed.","用户:":"yudeng","error":"密码错误"}
{"level":"INFO","time":"2025-01-25T22:38:30.170+0800","caller":"logger/logger.go:79","msg":"/api/user/login","status":200,"method":"POST","path":"/api/user/login","query":"username=yudeng&password=041135sz","ip":"::1","user-agent":"Apifox/1.0.0 (https://apifox.com)","errors":"","cost":0.000574526}
{"level":"ERROR","time":"2025-01-25T22:38:52.144+0800","caller":"controller/user.go:40","msg":"SignUp with invalid param","error":"Key: 'ParamLogin.Password' Error:Field validation for 'Password' failed on the 'required' tag"}
{"level":"INFO","time":"2025-01-25T22:38:52.144+0800","caller":"logger/logger.go:79","msg":"/api/user/login","status":200,"method":"POST","path":"/api/user/login","query":"username=yudeng&password=041135sz","ip":"::1","user-agent":"Apifox/1.0.0 (https://apifox.com)","errors":"","cost":0.000140907}
{"level":"ERROR","time":"2025-01-25T22:39:22.818+0800","caller":"controller/user.go:17","msg":"SignUp with invalid param","error":"Key: 'ParamRegister.RePassword' Error:Field validation for 'RePassword' failed on the 'eqfield' tag"}
{"level":"INFO","time":"2025-01-25T22:39:22.819+0800","caller":"logger/logger.go:79","msg":"/api/user/register","status":200,"method":"POST","path":"/api/user/register","query":"","ip":"::1","user-agent":"Apifox/1.0.0 (https://apifox.com)","errors":"","cost":0.000132512}
{"level":"INFO","time":"2025-01-25T22:39:32.162+0800","caller":"logger/logger.go:79","msg":"/api/user/register","status":200,"method":"POST","path":"/api/user/register","query":"","ip":"::1","user-agent":"Apifox/1.0.0 (https://apifox.com)","errors":"","cost":0.000452112}
{"level":"INFO","time":"2025-01-25T22:39:48.532+0800","caller":"bluebell/main.go:84","msg":"Shutdown Server ..."}
{"level":"INFO","time":"2025-01-25T22:39:48.532+0800","caller":"bluebell/main.go:93","msg":"Server exiting"}
{"level":"INFO","time":"2025-01-25T22:39:48.532+0800","caller":"mysql/mysql.go:57","msg":"MySQL connection pool closed"}
{"level":"INFO","time":"2025-01-25T22:39:49.228+0800","caller":"mysql/mysql.go:51","msg":"mysql init success"}
{"level":"INFO","time":"2025-01-25T22:39:49.229+0800","caller":"redis/redis.go:26","msg":"redis init success"}
{"level":"INFO","time":"2025-01-25T22:39:49.229+0800","caller":"snowfloke/snowfloke.go:26","msg":"snowflake node init success"}
{"level":"INFO","time":"2025-01-25T22:39:55.987+0800","caller":"logger/logger.go:79","msg":"/api/user/register","status":200,"method":"POST","path":"/api/user/register","query":"","ip":"::1","user-agent":"Apifox/1.0.0 (https://apifox.com)","errors":"","cost":0.000772409}
{"level":"INFO","time":"2025-01-25T22:40:29.101+0800","caller":"logger/logger.go:79","msg":"/api/user/login","status":200,"method":"POST","path":"/api/user/login","query":"username=yudeng&password=041135sz","ip":"::1","user-agent":"Apifox/1.0.0 (https://apifox.com)","errors":"","cost":0.000507474}
{"level":"INFO","time":"2025-01-25T22:40:38.904+0800","caller":"bluebell/main.go:84","msg":"Shutdown Server ..."}
{"level":"INFO","time":"2025-01-25T22:40:38.904+0800","caller":"bluebell/main.go:93","msg":"Server exiting"}
{"level":"INFO","time":"2025-01-25T22:40:38.904+0800","caller":"mysql/mysql.go:57","msg":"MySQL connection pool closed"}
{"level":"INFO","time":"2025-01-27T10:02:20.720+0800","caller":"mysql/mysql.go:51","msg":"mysql init success"}
{"level":"INFO","time":"2025-01-27T10:02:20.720+0800","caller":"redis/redis.go:26","msg":"redis init success"}
{"level":"INFO","time":"2025-01-27T10:02:20.720+0800","caller":"snowfloke/snowfloke.go:26","msg":"snowflake node init success"}
{"level":"INFO","time":"2025-01-27T10:02:48.017+0800","caller":"logger/logger.go:79","msg":"/api/register","status":200,"method":"POST","path":"/api/register","query":"","ip":"::1","user-agent":"Apifox/1.0.0 (https://apifox.com)","errors":"","cost":0.001004447}
{"level":"ERROR","time":"2025-01-27T10:03:11.366+0800","caller":"controller/user.go:47","msg":"service.Login failed.","用户:":"yudeng","error":"密码错误"}
{"level":"INFO","time":"2025-01-27T10:03:11.366+0800","caller":"logger/logger.go:79","msg":"/api/login","status":200,"method":"POST","path":"/api/login","query":"username=yudeng&password=041135sz","ip":"::1","user-agent":"Apifox/1.0.0 (https://apifox.com)","errors":"","cost":0.000694089}
{"level":"ERROR","time":"2025-01-27T10:03:17.404+0800","caller":"controller/user.go:47","msg":"service.Login failed.","用户:":"yudeng","error":"密码错误"}
{"level":"INFO","time":"2025-01-27T10:03:17.404+0800","caller":"logger/logger.go:79","msg":"/api/login","status":200,"method":"POST","path":"/api/login","query":"username=yudeng&password=041135sz","ip":"::1","user-agent":"Apifox/1.0.0 (https://apifox.com)","errors":"","cost":0.000537263}
{"level":"ERROR","time":"2025-01-27T10:03:29.144+0800","caller":"controller/user.go:47","msg":"service.Login failed.","用户:":"yudeng","error":"密码错误"}
{"level":"INFO","time":"2025-01-27T10:03:29.144+0800","caller":"logger/logger.go:79","msg":"/api/login","status":200,"method":"POST","path":"/api/login","query":"username=yudeng&password=041135sz","ip":"::1","user-agent":"Apifox/1.0.0 (https://apifox.com)","errors":"","cost":0.000740332}
{"level":"ERROR","time":"2025-01-27T10:03:43.153+0800","caller":"controller/user.go:47","msg":"service.Login failed.","用户:":"yudeng","error":"密码错误"}
{"level":"INFO","time":"2025-01-27T10:03:43.153+0800","caller":"logger/logger.go:79","msg":"/api/login","status":200,"method":"POST","path":"/api/login","query":"username=yudeng&password=041135sz","ip":"::1","user-agent":"Apifox/1.0.0 (https://apifox.com)","errors":"","cost":0.000658797}
{"level":"INFO","time":"2025-01-27T10:04:13.839+0800","caller":"logger/logger.go:79","msg":"/api/register","status":200,"method":"POST","path":"/api/register","query":"","ip":"::1","user-agent":"Apifox/1.0.0 (https://apifox.com)","errors":"","cost":0.005864432}
{"level":"ERROR","time":"2025-01-27T10:04:25.569+0800","caller":"controller/user.go:47","msg":"service.Login failed.","用户:":"yudeng123","error":"密码错误"}
{"level":"INFO","time":"2025-01-27T10:04:25.569+0800","caller":"logger/logger.go:79","msg":"/api/login","status":200,"method":"POST","path":"/api/login","query":"username=yudeng&password=041135sz","ip":"::1","user-agent":"Apifox/1.0.0 (https://apifox.com)","errors":"","cost":0.000465841}
{"level":"INFO","time":"2025-01-27T10:10:40.138+0800","caller":"bluebell/main.go:84","msg":"Shutdown Server ..."}
{"level":"INFO","time":"2025-01-27T10:10:40.138+0800","caller":"bluebell/main.go:93","msg":"Server exiting"}
{"level":"INFO","time":"2025-01-27T10:10:40.138+0800","caller":"mysql/mysql.go:57","msg":"MySQL connection pool closed"}
{"level":"INFO","time":"2025-01-27T10:10:40.888+0800","caller":"mysql/mysql.go:51","msg":"mysql init success"}
{"level":"INFO","time":"2025-01-27T10:10:40.889+0800","caller":"redis/redis.go:26","msg":"redis init success"}
{"level":"INFO","time":"2025-01-27T10:10:40.889+0800","caller":"snowfloke/snowfloke.go:26","msg":"snowflake node init success"}
{"level":"INFO","time":"2025-01-27T10:10:49.749+0800","caller":"mysql/user.go:36","msg":"%v password: %v invalid","username":"yudeng123","password":""}
{"level":"ERROR","time":"2025-01-27T10:10:49.749+0800","caller":"controller/user.go:47","msg":"service.Login failed.","用户:":"yudeng123","error":"密码错误"}
{"level":"INFO","time":"2025-01-27T10:10:49.749+0800","caller":"logger/logger.go:79","msg":"/api/login","status":200,"method":"POST","path":"/api/login","query":"username=yudeng&password=041135sz","ip":"::1","user-agent":"Apifox/1.0.0 (https://apifox.com)","errors":"","cost":0.000623865}
{"level":"INFO","time":"2025-01-27T10:11:08.729+0800","caller":"mysql/user.go:36","msg":"%v password: %v invalid","username":"yudeng123","password":""}
{"level":"ERROR","time":"2025-01-27T10:11:08.729+0800","caller":"controller/user.go:47","msg":"service.Login failed.","用户:":"yudeng123","error":"密码错误"}
{"level":"INFO","time":"2025-01-27T10:11:08.729+0800","caller":"logger/logger.go:79","msg":"/api/login","status":200,"method":"POST","path":"/api/login","query":"username=yudeng&password=041135sz","ip":"::1","user-agent":"Apifox/1.0.0 (https://apifox.com)","errors":"","cost":0.000434144}
{"level":"INFO","time":"2025-01-27T10:11:19.370+0800","caller":"mysql/user.go:36","msg":"%v password: %v invalid","username":"yudeng123","password":""}
{"level":"ERROR","time":"2025-01-27T10:11:19.370+0800","caller":"controller/user.go:47","msg":"service.Login failed.","用户:":"yudeng123","error":"密码错误"}
{"level":"INFO","time":"2025-01-27T10:11:19.370+0800","caller":"logger/logger.go:79","msg":"/api/login","status":200,"method":"POST","path":"/api/login","query":"username=yudeng&password=041135sz","ip":"::1","user-agent":"Apifox/1.0.0 (https://apifox.com)","errors":"","cost":0.000770483}
{"level":"INFO","time":"2025-01-27T10:12:41.351+0800","caller":"mysql/user.go:36","msg":"%v password: %v invalid","username":"yudeng123","password":""}
{"level":"ERROR","time":"2025-01-27T10:12:41.352+0800","caller":"controller/user.go:47","msg":"service.Login failed.","用户:":"yudeng123","error":"密码错误"}
{"level":"INFO","time":"2025-01-27T10:12:41.352+0800","caller":"logger/logger.go:79","msg":"/api/login","status":200,"method":"POST","path":"/api/login","query":"username=yudeng&password=041135sz","ip":"::1","user-agent":"Apifox/1.0.0 (https://apifox.com)","errors":"","cost":0.000713044}
{"level":"INFO","time":"2025-01-27T10:12:52.836+0800","caller":"mysql/user.go:36","msg":"%v password: %v invalid","username":"yudeng123","password":""}
{"level":"ERROR","time":"2025-01-27T10:12:52.836+0800","caller":"controller/user.go:47","msg":"service.Login failed.","用户:":"yudeng123","error":"密码错误"}
{"level":"INFO","time":"2025-01-27T10:12:52.836+0800","caller":"logger/logger.go:79","msg":"/api/login","status":200,"method":"POST","path":"/api/login","query":"","ip":"::1","user-agent":"Apifox/1.0.0 (https://apifox.com)","errors":"","cost":0.000495012}
{"level":"INFO","time":"2025-01-27T10:14:30.026+0800","caller":"bluebell/main.go:84","msg":"Shutdown Server ..."}
{"level":"INFO","time":"2025-01-27T10:14:30.027+0800","caller":"bluebell/main.go:93","msg":"Server exiting"}
{"level":"INFO","time":"2025-01-27T10:14:30.027+0800","caller":"mysql/mysql.go:57","msg":"MySQL connection pool closed"}
{"level":"INFO","time":"2025-01-27T10:14:30.165+0800","caller":"mysql/mysql.go:51","msg":"mysql init success"}
{"level":"INFO","time":"2025-01-27T10:14:30.166+0800","caller":"redis/redis.go:26","msg":"redis init success"}
{"level":"INFO","time":"2025-01-27T10:14:30.166+0800","caller":"snowfloke/snowfloke.go:26","msg":"snowflake node init success"}
{"level":"INFO","time":"2025-01-27T10:14:33.787+0800","caller":"mysql/user.go:36","msg":"%v password: %v invalid","username":"yudeng123","password":""}
{"level":"ERROR","time":"2025-01-27T10:14:33.787+0800","caller":"controller/user.go:47","msg":"service.Login failed.","用户:":"yudeng123","error":"密码错误"}
{"level":"INFO","time":"2025-01-27T10:14:33.787+0800","caller":"logger/logger.go:79","msg":"/api/login","status":200,"method":"POST","path":"/api/login","query":"","ip":"::1","user-agent":"Apifox/1.0.0 (https://apifox.com)","errors":"","cost":0.001033227}
{"level":"INFO","time":"2025-01-27T10:15:26.983+0800","caller":"bluebell/main.go:84","msg":"Shutdown Server ..."}
{"level":"INFO","time":"2025-01-27T10:15:26.983+0800","caller":"bluebell/main.go:93","msg":"Server exiting"}
{"level":"INFO","time":"2025-01-27T10:15:26.983+0800","caller":"mysql/mysql.go:57","msg":"MySQL connection pool closed"}
{"level":"INFO","time":"2025-01-27T10:15:27.658+0800","caller":"mysql/mysql.go:51","msg":"mysql init success"}
{"level":"INFO","time":"2025-01-27T10:15:27.659+0800","caller":"redis/redis.go:26","msg":"redis init success"}
{"level":"INFO","time":"2025-01-27T10:15:27.659+0800","caller":"snowfloke/snowfloke.go:26","msg":"snowflake node init success"}
{"level":"INFO","time":"2025-01-27T10:15:31.696+0800","caller":"bluebell/main.go:84","msg":"Shutdown Server ..."}
{"level":"INFO","time":"2025-01-27T10:15:31.696+0800","caller":"bluebell/main.go:93","msg":"Server exiting"}
{"level":"INFO","time":"2025-01-27T10:15:31.696+0800","caller":"mysql/mysql.go:57","msg":"MySQL connection pool closed"}
{"level":"INFO","time":"2025-01-27T10:16:22.228+0800","caller":"mysql/mysql.go:51","msg":"mysql init success"}
{"level":"INFO","time":"2025-01-27T10:16:22.228+0800","caller":"redis/redis.go:26","msg":"redis init success"}
{"level":"INFO","time":"2025-01-27T10:16:22.228+0800","caller":"snowfloke/snowfloke.go:26","msg":"snowflake node init success"}
{"level":"ERROR","time":"2025-01-27T10:16:26.803+0800","caller":"controller/user.go:47","msg":"service.Login failed.","用户:":"yudeng123","error":"密码错误"}
{"level":"INFO","time":"2025-01-27T10:16:26.803+0800","caller":"logger/logger.go:79","msg":"/api/login","status":200,"method":"POST","path":"/api/login","query":"","ip":"::1","user-agent":"Apifox/1.0.0 (https://apifox.com)","errors":"","cost":0.001042337}
{"level":"INFO","time":"2025-01-27T10:16:39.961+0800","caller":"bluebell/main.go:84","msg":"Shutdown Server ..."}
{"level":"INFO","time":"2025-01-27T10:16:39.961+0800","caller":"bluebell/main.go:93","msg":"Server exiting"}
{"level":"INFO","time":"2025-01-27T10:16:39.961+0800","caller":"mysql/mysql.go:57","msg":"MySQL connection pool closed"}
{"level":"INFO","time":"2025-01-27T10:16:40.660+0800","caller":"mysql/mysql.go:51","msg":"mysql init success"}
{"level":"INFO","time":"2025-01-27T10:16:40.660+0800","caller":"redis/redis.go:26","msg":"redis init success"}
{"level":"INFO","time":"2025-01-27T10:16:40.660+0800","caller":"snowfloke/snowfloke.go:26","msg":"snowflake node init success"}
{"level":"ERROR","time":"2025-01-27T10:16:43.149+0800","caller":"controller/user.go:47","msg":"service.Login failed.","用户:":"yudeng123","error":"密码错误"}
{"level":"INFO","time":"2025-01-27T10:16:43.150+0800","caller":"logger/logger.go:79","msg":"/api/login","status":200,"method":"POST","path":"/api/login","query":"","ip":"::1","user-agent":"Apifox/1.0.0 (https://apifox.com)","errors":"","cost":0.000713905}
{"level":"INFO","time":"2025-01-27T10:17:13.201+0800","caller":"bluebell/main.go:84","msg":"Shutdown Server ..."}
{"level":"INFO","time":"2025-01-27T10:17:13.201+0800","caller":"bluebell/main.go:93","msg":"Server exiting"}
{"level":"INFO","time":"2025-01-27T10:17:13.201+0800","caller":"mysql/mysql.go:57","msg":"MySQL connection pool closed"}
{"level":"INFO","time":"2025-01-27T10:17:13.868+0800","caller":"mysql/mysql.go:51","msg":"mysql init success"}
{"level":"INFO","time":"2025-01-27T10:17:13.868+0800","caller":"redis/redis.go:26","msg":"redis init success"}
{"level":"INFO","time":"2025-01-27T10:17:13.868+0800","caller":"snowfloke/snowfloke.go:26","msg":"snowflake node init success"}
{"level":"INFO","time":"2025-01-27T10:17:17.075+0800","caller":"logger/logger.go:79","msg":"/api/login","status":200,"method":"POST","path":"/api/login","query":"","ip":"::1","user-agent":"Apifox/1.0.0 (https://apifox.com)","errors":"","cost":0.000540792}
{"level":"INFO","time":"2025-01-27T10:18:02.061+0800","caller":"logger/logger.go:79","msg":"/api/user/ping","status":200,"method":"GET","path":"/api/user/ping","query":"","ip":"::1","user-agent":"Apifox/1.0.0 (https://apifox.com)","errors":"","cost":0.000018262}
{"level":"INFO","time":"2025-01-27T10:19:40.116+0800","caller":"logger/logger.go:79","msg":"/api/user/ping","status":200,"method":"GET","path":"/api/user/ping","query":"","ip":"::1","user-agent":"Apifox/1.0.0 (https://apifox.com)","errors":"","cost":0.000011227}
{"level":"INFO","time":"2025-01-27T10:22:27.752+0800","caller":"logger/logger.go:79","msg":"/api/user/ping","status":200,"method":"GET","path":"/api/user/ping","query":"","ip":"::1","user-agent":"Apifox/1.0.0 (https://apifox.com)","errors":"","cost":0.000053801}
{"level":"INFO","time":"2025-01-27T11:18:21.535+0800","caller":"bluebell/main.go:84","msg":"Shutdown Server ..."}
{"level":"INFO","time":"2025-01-27T11:18:21.535+0800","caller":"bluebell/main.go:93","msg":"Server exiting"}
{"level":"INFO","time":"2025-01-27T11:18:21.536+0800","caller":"mysql/mysql.go:57","msg":"MySQL connection pool closed"}
